v:\github stuff and things\laptop-pc-link\pokemonadventure2\debug\vc143.pdb
v:\github stuff and things\laptop-pc-link\pokemonadventure2\debug\vc143.idb
v:\github stuff and things\laptop-pc-link\pokemonadventure2\debug\vbo.obj
v:\github stuff and things\laptop-pc-link\pokemonadventure2\debug\vao.obj
v:\github stuff and things\laptop-pc-link\pokemonadventure2\debug\ebo.obj
v:\github stuff and things\laptop-pc-link\pokemonadventure2\debug\pc.obj
v:\github stuff and things\laptop-pc-link\pokemonadventure2\debug\cutscene.obj
v:\github stuff and things\laptop-pc-link\pokemonadventure2\debug\input.obj
v:\github stuff and things\laptop-pc-link\pokemonadventure2\debug\startuphandler.obj
v:\github stuff and things\laptop-pc-link\pokemonadventure2\debug\pausehandler.obj
v:\github stuff and things\laptop-pc-link\pokemonadventure2\debug\interactionhandler.obj
v:\github stuff and things\laptop-pc-link\pokemonadventure2\debug\encounterhandler.obj
v:\github stuff and things\laptop-pc-link\pokemonadventure2\debug\game.obj
v:\github stuff and things\laptop-pc-link\pokemonadventure2\debug\datamanager.obj
v:\github stuff and things\laptop-pc-link\pokemonadventure2\debug\trainer.obj
v:\github stuff and things\laptop-pc-link\pokemonadventure2\debug\itemstorage.obj
v:\github stuff and things\laptop-pc-link\pokemonadventure2\debug\pokemon.obj
v:\github stuff and things\laptop-pc-link\pokemonadventure2\debug\charactermover.obj
v:\github stuff and things\laptop-pc-link\pokemonadventure2\debug\status.obj
v:\github stuff and things\laptop-pc-link\pokemonadventure2\debug\item.obj
v:\github stuff and things\laptop-pc-link\pokemonadventure2\debug\battlesimulator.obj
v:\github stuff and things\laptop-pc-link\pokemonadventure2\debug\attack.obj
v:\github stuff and things\laptop-pc-link\pokemonadventure2\debug\std_image.obj
v:\github stuff and things\laptop-pc-link\pokemonadventure2\debug\scene.obj
v:\github stuff and things\laptop-pc-link\pokemonadventure2\debug\menu.obj
v:\github stuff and things\laptop-pc-link\pokemonadventure2\debug\mapsection.obj
v:\github stuff and things\laptop-pc-link\pokemonadventure2\debug\maphandler.obj
v:\github stuff and things\laptop-pc-link\pokemonadventure2\debug\main.obj
v:\github stuff and things\laptop-pc-link\pokemonadventure2\debug\texture.obj
v:\github stuff and things\laptop-pc-link\pokemonadventure2\debug\textrenderer.obj
v:\github stuff and things\laptop-pc-link\pokemonadventure2\debug\shaderclass.obj
v:\github stuff and things\laptop-pc-link\pokemonadventure2\debug\renderer.obj
v:\github stuff and things\laptop-pc-link\pokemonadventure2\debug\pokemonadventure2.ilk
v:\github stuff and things\laptop-pc-link\pokemonadventure2\debug\pokemonadventure2.exe
v:\github stuff and things\laptop-pc-link\pokemonadventure2\debug\pokemonadventure2.pdb
v:\github stuff and things\laptop-pc-link\pokemonadventure2\debug\pokemona.f512d8e4.tlog\cl.command.1.tlog
v:\github stuff and things\laptop-pc-link\pokemonadventure2\debug\pokemona.f512d8e4.tlog\cl.read.1.tlog
v:\github stuff and things\laptop-pc-link\pokemonadventure2\debug\pokemona.f512d8e4.tlog\cl.write.1.tlog
v:\github stuff and things\laptop-pc-link\pokemonadventure2\debug\pokemona.f512d8e4.tlog\link.command.1.tlog
v:\github stuff and things\laptop-pc-link\pokemonadventure2\debug\pokemona.f512d8e4.tlog\link.read.1.tlog
v:\github stuff and things\laptop-pc-link\pokemonadventure2\debug\pokemona.f512d8e4.tlog\link.write.1.tlog
