v:\github stuff and things\laptop-pc-link\dungeon crawler 2.0\dungeon crawler\x64\debug\vc143.pdb
v:\github stuff and things\laptop-pc-link\dungeon crawler 2.0\dungeon crawler\x64\debug\vc143.idb
v:\github stuff and things\laptop-pc-link\dungeon crawler 2.0\dungeon crawler\x64\debug\glad.obj
v:\github stuff and things\laptop-pc-link\dungeon crawler 2.0\dungeon crawler\x64\debug\vbo.obj
v:\github stuff and things\laptop-pc-link\dungeon crawler 2.0\dungeon crawler\x64\debug\shaderclass.obj
v:\github stuff and things\laptop-pc-link\dungeon crawler 2.0\dungeon crawler\x64\debug\main.obj
v:\github stuff and things\laptop-pc-link\dungeon crawler 2.0\dungeon crawler\x64\debug\ebo.obj
v:\github stuff and things\laptop-pc-link\dungeon crawler 2.0\dungeon crawler\x64\debug\vao.obj
v:\github stuff and things\laptop-pc-link\dungeon crawler 2.0\dungeon crawler\x64\debug\texture.obj
v:\github stuff and things\laptop-pc-link\dungeon crawler 2.0\dungeon crawler\x64\debug\stb.obj
v:\github stuff and things\laptop-pc-link\dungeon crawler 2.0\dungeon crawler\x64\debug\mapsection.obj
v:\github stuff and things\laptop-pc-link\dungeon crawler 2.0\dungeon crawler\x64\debug\gamemap.obj
v:\github stuff and things\laptop-pc-link\dungeon crawler 2.0\dungeon crawler\x64\debug\camera.obj
v:\github stuff and things\laptop-pc-link\dungeon crawler 2.0\dungeon crawler\x64\debug\playerui.obj
v:\github stuff and things\laptop-pc-link\dungeon crawler 2.0\dungeon crawler\x64\debug\item.obj
v:\github stuff and things\laptop-pc-link\dungeon crawler 2.0\dungeon crawler\x64\debug\game.obj
v:\github stuff and things\laptop-pc-link\dungeon crawler 2.0\dungeon crawler\x64\debug\player.obj
v:\github stuff and things\laptop-pc-link\dungeon crawler 2.0\dungeon crawler\x64\debug\armor.obj
v:\github stuff and things\laptop-pc-link\dungeon crawler 2.0\dungeon crawler\x64\debug\dungeon crawler.exe
v:\github stuff and things\laptop-pc-link\dungeon crawler 2.0\dungeon crawler\x64\debug\dungeon crawler.ilk
v:\github stuff and things\laptop-pc-link\dungeon crawler 2.0\dungeon crawler\x64\debug\dungeon crawler.pdb
v:\github stuff and things\laptop-pc-link\dungeon crawler 2.0\dungeon crawler\x64\debug\dungeon crawler.tlog\cl.command.1.tlog
v:\github stuff and things\laptop-pc-link\dungeon crawler 2.0\dungeon crawler\x64\debug\dungeon crawler.tlog\cl.read.1.tlog
v:\github stuff and things\laptop-pc-link\dungeon crawler 2.0\dungeon crawler\x64\debug\dungeon crawler.tlog\cl.write.1.tlog
v:\github stuff and things\laptop-pc-link\dungeon crawler 2.0\dungeon crawler\x64\debug\dungeon crawler.tlog\link.command.1.tlog
v:\github stuff and things\laptop-pc-link\dungeon crawler 2.0\dungeon crawler\x64\debug\dungeon crawler.tlog\link.read.1.tlog
v:\github stuff and things\laptop-pc-link\dungeon crawler 2.0\dungeon crawler\x64\debug\dungeon crawler.tlog\link.write.1.tlog
